<?xml version="1.0" encoding="UTF-8"?>
<!-- Generated by org.testng.reporters.JUnitXMLReporter -->
<testsuite ignored="0" hostname="NhanAi" failures="1" tests="3" name="Error Validations Test" time="33.607" errors="0" timestamp="2024-08-31T23:22:47 ICT">
  <testcase classname="personalproject.tests.ErrorValidationsTest" name="LoginErrorValidations" time="0.459">
    <skipped/>
  </testcase> <!-- LoginErrorValidations -->
  <testcase classname="personalproject.tests.ErrorValidationsTest" name="LoginErrorValidations" time="0.824">
    <failure type="java.lang.AssertionError" message="expected [Incorrect email or password.] but found [Incorrect  password.]">
      <![CDATA[java.lang.AssertionError: expected [Incorrect email or password.] but found [Incorrect  password.]
at personalproject.tests.ErrorValidationsTest.LoginErrorValidations(ErrorValidationsTest.java:26)
at java.base/java.util.ArrayList.forEach(ArrayList.java:1511)
... Removed 33 stack frames]]>
    </failure>
  </testcase> <!-- LoginErrorValidations -->
  <testcase classname="personalproject.tests.ErrorValidationsTest" name="ProductErrorValidations" time="23.546"/>
</testsuite> <!-- Error Validations Test -->
